<?xml version="1.0" encoding="UTF-8"?>
<!-- Generated by org.testng.reporters.JUnitXMLReporter -->
<testsuite ignored="0" hostname="Windows7" failures="1" tests="1" name="Test_runner1" time="14.267" errors="0" timestamp="2021-10-21T13:36:35 IST">
  <testcase classname="com.Vtiger.Contactmodule$TestCase_002_CreateContactmodule" name="createcontact" time="0.015">
    <failure type="java.lang.NullPointerException" message="Cannot invoke &amp;quot;org.openqa.selenium.WebDriver.manage()&amp;quot; because &amp;quot;this.driver&amp;quot; is null">
      <![CDATA[java.lang.NullPointerException: Cannot invoke "org.openqa.selenium.WebDriver.manage()" because "this.driver" is null
at com.Vtiger.Contactmodule$TestCase_002_CreateContactmodule.createcontact(Contactmodule.java:22)
at java.base/java.util.ArrayList.forEach(ArrayList.java:1511)
at java.base/java.util.concurrent.FutureTask.run(FutureTask.java:264)
at java.base/java.util.concurrent.ThreadPoolExecutor.runWorker(ThreadPoolExecutor.java:1130)
at java.base/java.util.concurrent.ThreadPoolExecutor$Worker.run(ThreadPoolExecutor.java:630)
at java.base/java.lang.Thread.run(Thread.java:832)
... Removed 18 stack frames]]>
    </failure>
  </testcase> <!-- createcontact -->
</testsuite> <!-- Test_runner1 -->
