<?xml version="1.0" encoding="UTF-8"?>
<testng-results ignored="0" total="1" passed="1" failed="0" skipped="0">
  <reporter-output>
  </reporter-output>
  <suite started-at="2021-10-08T10:54:22Z" name="Default suite" finished-at="2021-10-08T10:55:25Z" duration-ms="63128">
    <groups>
    </groups>
    <test started-at="2021-10-08T10:54:22Z" name="Default test" finished-at="2021-10-08T10:55:25Z" duration-ms="63128">
      <class name="com.Vtiger.Cswitcwindow$TestCase_003_Cswitchwindow">
        <test-method signature="CreateContact()[pri:0, instance:com.Vtiger.Cswitcwindow$TestCase_003_Cswitchwindow@402c4085]" started-at="2021-10-08T10:54:22Z" name="CreateContact" finished-at="2021-10-08T10:55:25Z" duration-ms="63069" status="PASS">
          <reporter-output>
          </reporter-output>
        </test-method> <!-- CreateContact -->
      </class> <!-- com.Vtiger.Cswitcwindow$TestCase_003_Cswitchwindow -->
    </test> <!-- Default test -->
  </suite> <!-- Default suite -->
</testng-results>
